0 verbose cli /opt/homebrew/Cellar/node@22/22.21.1_4/bin/node /opt/homebrew/opt/node@22/bin/npm
1 info using npm@10.9.4
2 info using node@v22.21.1
3 silly config load:file:/opt/homebrew/Cellar/node@22/22.21.1_4/lib/node_modules/npm/npmrc
4 silly config load:file:/Users/zhaomingxuan/code/sohu_fetcher/x_is_all_your_need/backend/.npmrc
5 silly config load:file:/Users/zhaomingxuan/.npmrc
6 silly config load:file:/opt/homebrew/etc/npmrc
7 verbose title npm run dev
8 verbose argv "run" "dev"
9 verbose logfile logs-max:10 dir:/Users/zhaomingxuan/code/sohu_fetcher/x_is_all_your_need/backend/src/services/.npm-cache/_logs/2026-01-16T07_03_08_095Z-
10 verbose logfile /Users/zhaomingxuan/code/sohu_fetcher/x_is_all_your_need/backend/src/services/.npm-cache/_logs/2026-01-16T07_03_08_095Z-debug-0.log
11 silly logfile done cleaning log files
12 http fetch GET 200 https://registry.npmjs.org/npm 503ms
13 verbose cwd /Users/zhaomingxuan/code/sohu_fetcher/x_is_all_your_need/backend/src/services
14 verbose os Darwin 25.2.0
15 verbose node v22.21.1
16 verbose npm  v10.9.4
17 notice
17 notice New major version of npm available! 10.9.4 -> 11.7.0
17 notice Changelog: https://github.com/npm/cli/releases/tag/v11.7.0
17 notice To update run: npm install -g npm@11.7.0
17 notice  { force: true, [Symbol(proc-log.meta)]: true }
18 verbose exit 15
19 verbose code 15
